<?xml version="1.0" encoding="UTF-8"?>
<!-- Generated by org.testng.reporters.JUnitReportReporter -->
<testsuite hostname="Lenovo-PC" failures="0" tests="6" name="testcases.LoginPageTestCases" time="12.106" errors="0" timestamp="05 Feb 2021 04:28:15 GMT" skipped="0">
  <testcase classname="testcases.LoginPageTestCases" name="LoginWithEmptyUsernameAndPassword" time="0.150"/>
  <testcase classname="testcases.LoginPageTestCases" name="LoginWithValidCredentials" time="3.551"/>
  <testcase classname="testcases.LoginPageTestCases" name="LoginWithValidCredentials" time="2.143"/>
  <testcase classname="testcases.LoginPageTestCases" name="LoginWithValidCredentials" time="5.803"/>
  <testcase classname="testcases.LoginPageTestCases" name="LoginWithLockedOutUser" time="0.276"/>
  <testcase classname="testcases.LoginPageTestCases" name="LoginWithInvalidCredentials" time="0.183"/>
</testsuite> <!-- testcases.LoginPageTestCases -->
